<?xml version="1.0" encoding="UTF-8"?>
<!-- Generated by org.testng.reporters.JUnitReportReporter -->
<testsuite hostname="DESKTOP-DQ564GQ" failures="0" tests="1" name="RMWTestcases.NewsLetterSubscriptionTest" time="18.732" errors="0" timestamp="01 May 2023 07:57:10 GMT" skipped="0">
  <testcase classname="RMWTestcases.NewsLetterSubscriptionTest" name="NewsLetterSubscriptionData" time="18.732"/>
</testsuite> <!-- RMWTestcases.NewsLetterSubscriptionTest -->
