<?xml version="1.0" encoding="UTF-8"?>
<!-- Generated by org.testng.reporters.JUnitReportReporter -->
<testsuite hostname="DESKTOP-DQ564GQ" failures="0" tests="2" name="RMWTestcases.searchFunctionTest" time="43.005" errors="0" timestamp="27 Apr 2023 16:11:45 GMT" skipped="0">
  <testcase classname="RMWTestcases.searchFunctionTest" name="SearchFunctionData" time="23.677"/>
  <testcase classname="RMWTestcases.searchFunctionTest" name="InvalidSearch" time="19.328"/>
</testsuite> <!-- RMWTestcases.searchFunctionTest -->
