<?xml version="1.0" encoding="UTF-8"?>
<!-- Generated by org.testng.reporters.JUnitReportReporter -->
<testsuite hostname="DESKTOP-DQ564GQ" failures="0" tests="1" name="RMWTestcases.TrackOrderPageTest" time="25.913" errors="0" timestamp="27 Apr 2023 06:36:28 GMT" skipped="0">
  <testcase classname="RMWTestcases.TrackOrderPageTest" name="TrackOrderData" time="25.913"/>
</testsuite> <!-- RMWTestcases.TrackOrderPageTest -->
