<?xml version="1.0" encoding="UTF-8"?>
<!-- Generated by org.testng.reporters.JUnitReportReporter -->
<testsuite hostname="DESKTOP-DQ564GQ" failures="0" tests="1" name="RMWTestcases.LoginTestcase" time="21.714" errors="0" timestamp="19 Apr 2023 16:04:52 GMT" skipped="0">
  <testcase classname="RMWTestcases.LoginTestcase" name="Logindata" time="21.714"/>
</testsuite> <!-- RMWTestcases.LoginTestcase -->
