<?xml version="1.0" encoding="UTF-8"?>
<!-- Generated by org.testng.reporters.JUnitReportReporter -->
<testsuite hostname="DESKTOP-DQ564GQ" failures="0" tests="1" name="RMWTestcases.LoginTestcase" time="29.611" errors="0" timestamp="26 Apr 2023 17:02:42 GMT" skipped="0">
  <testcase classname="RMWTestcases.LoginTestcase" name="Logindata" time="29.611"/>
</testsuite> <!-- RMWTestcases.LoginTestcase -->
