<?xml version="1.0" encoding="UTF-8"?>
<!-- Generated by org.testng.reporters.JUnitReportReporter -->
<testsuite hostname="DESKTOP-DQ564GQ" failures="0" tests="1" name="RMWTestcases.CheckOrderPageTest" time="14.663" errors="0" timestamp="19 Apr 2023 16:53:41 GMT" skipped="0">
  <testcase classname="RMWTestcases.CheckOrderPageTest" name="CheckOrderData" time="14.663"/>
</testsuite> <!-- RMWTestcases.CheckOrderPageTest -->
