<?xml version="1.0" encoding="UTF-8"?>
<!-- Generated by org.testng.reporters.JUnitReportReporter -->
<testsuite hostname="DESKTOP-DQ564GQ" failures="0" tests="1" name="RMWTestcases.searchFunctionTest" time="13.186" errors="0" timestamp="21 Apr 2023 16:30:09 GMT" skipped="0">
  <testcase classname="RMWTestcases.searchFunctionTest" name="SearchFunctionData" time="13.186"/>
</testsuite> <!-- RMWTestcases.searchFunctionTest -->
