<?xml version="1.0" encoding="UTF-8"?>
<!-- Generated by org.testng.reporters.JUnitReportReporter -->
<testsuite hostname="DESKTOP-DQ564GQ" failures="0" tests="1" name="RMWTestcases.CheckOrderPageTest" time="20.083" errors="0" timestamp="26 Apr 2023 17:35:17 GMT" skipped="0">
  <testcase classname="RMWTestcases.CheckOrderPageTest" name="CheckOrderData" time="20.083"/>
</testsuite> <!-- RMWTestcases.CheckOrderPageTest -->
