<?xml version="1.0" encoding="UTF-8"?>
<!-- Generated by org.testng.reporters.JUnitReportReporter -->
<testsuite hostname="DESKTOP-DQ564GQ" failures="0" tests="1" name="RMWTestcases.SignUpTest" time="22.962" errors="0" timestamp="19 Apr 2023 16:38:08 GMT" skipped="0">
  <testcase classname="RMWTestcases.SignUpTest" name="Signupdata" time="22.962"/>
</testsuite> <!-- RMWTestcases.SignUpTest -->
