<?xml version="1.0" encoding="UTF-8"?>
<!-- Generated by org.testng.reporters.JUnitReportReporter -->
<testsuite hostname="DESKTOP-DQ564GQ" failures="0" tests="1" name="RMWTestcases.TrackOrderPageTest" time="18.581" errors="0" timestamp="21 Apr 2023 16:05:55 GMT" skipped="0">
  <testcase classname="RMWTestcases.TrackOrderPageTest" name="CheckOrderData" time="18.581"/>
</testsuite> <!-- RMWTestcases.TrackOrderPageTest -->
